********************************************************************************
DUPLICATOR-LITE PACKAGE-LOG: 12 February 2018 9 h 33 min
NOTICE: Do NOT post to public sites or forums 
********************************************************************************
VERSION:	1.2.32
WORDPRESS:	4.9.4
PHP INFO:	7.1.12 | SAPI: apache2handler
SERVER:		Apache/2.2.34 (Unix) mod_wsgi/3.5 Python/2.7.13 PHP/7.1.12 mod_ssl/2.2.34 OpenSSL/1.0.2j DAV/2 mod_fastcgi/2.4.6 mod_perl/2.0.9 Perl/v5.24.0 
PHP TIME LIMIT: (0) no time limit imposed 
PHP MAX MEMORY: 2048M (128M default) 
MEMORY STACK: 32MB 

********************************************************************************
DATABASE:
********************************************************************************
BUILD MODE:   PHP(query limit - 100)
MYSQLTIMEOUT: 5000
MYSQLDUMP:    Not Supported 
TABLES: total:19 | filtered:0 | create:19 
FILTERED: [] 
SQL CREATED: 20180212_fevr_96c62f16320e02f34583180212093257_database.sql 
SQL FILE SIZE: 418.68KB (428724) 
SQL FILE TIME: 2018-02-12 09:33:05 
SQL RUNTIME: 0.35 sec. 

******************************************************************************** 
ARCHIVE (ZIP): 
******************************************************************************** 
ARCHIVE DIR:  /Users/charlesdoiron/Documents/GitHub/FevrPreprod/Fevr 
ARCHIVE FILE: 20180212_fevr_96c62f16320e02f34583180212093257_archive.zip 
FILTERS: *OFF* 
DIRS:
	not set 
FILES:
	not set 
EXTS:  not set 
---------------------------------------- 
COMPRESSING 
SIZE:	95.93MB 
STATS:	Dirs 1,518 | Files 7,404 
SQL ADDED: 20180212_fevr_96c62f16320e02f34583180212093257_database.sql 
ZipArchive Object
(
    [status] => 0
    [statusSys] => 0
    [numFiles] => 8922
    [filename] => /Users/charlesdoiron/Documents/GitHub/FevrPreprod/Fevr/wp-snapshots/tmp/20180212_fevr_96c62f16320e02f34583180212093257_archive.zip
    [comment] => 
)
 
COMPRESSION RESULT: '1' 
COMPRESSED SIZE: 56.72MB 
ARCHIVE RUNTIME: 20.78 sec. 
MEMORY STACK: 34MB 

******************************************************************************** 
MAKE INSTALLER: 
******************************************************************************** 
Build Start 
Build Finished 
Preping for use 
PACK SIZE:  
Template parsed with new data 
Complete [/Users/charlesdoiron/Documents/GitHub/FevrPreprod/Fevr/wp-snapshots/tmp/20180212_fevr_96c62f16320e02f34583180212093257_installer.php] 
Added to archive 

******************************************************************************** 
INTEGRITY CHECKS: 
******************************************************************************** 
SQL File: 418.68KB 
Installer File: 443.97KB 
Archive File: 56.72MB  

********************************************************************************
RECORD ID:[1]
TOTAL PROCESS RUNTIME: 22.22 sec.
PEAK PHP MEMORY USED: 36MB
DONE PROCESSING => 20180212_fevr 12 February 2018 9 h 33 min
 
